#
# A fatal error has been detected by the Java Runtime Environment:
#
#  EXCEPTION_ACCESS_VIOLATION (0xc0000005) at pc=0x00007ffcf2eb82db, pid=15148, tid=14852
#
# JRE version: Java(TM) SE Runtime Environment 18.9 (11.0.12+8) (build 11.0.12+8-LTS-237)
# Java VM: Java HotSpot(TM) 64-Bit Server VM 18.9 (11.0.12+8-LTS-237, mixed mode, tiered, compressed oops, g1 gc, windows-amd64)
# Problematic frame:
# V  [jvm.dll+0x6982db]
#
# No core dump will be written. Minidumps are not enabled by default on client versions of Windows
#
# If you would like to submit a bug report, please visit:
#   https://bugreport.java.com/bugreport/crash.jsp
#

---------------  S U M M A R Y ------------

Command Line: -agentlib:jdwp=transport=dt_socket,suspend=y,address=localhost:57596 -ea -Dfile.encoding=Cp1252 org.testng.remote.RemoteTestNG -serport 57595 -protocol json -d C:\TestingProject\selenium-for-beginners\test-output C:\Users\Rajashekar\AppData\Local\Temp\testng-eclipse-1449086105\testng-customsuite.xml

Host: Intel(R) Core(TM) i5-4210U CPU @ 1.70GHz, 4 cores, 7G,  Windows 10 , 64 bit Build 19041 (10.0.19041.1348)
Time: Mon Jan 10 19:09:58 2022 India Standard Time elapsed time: 9980.216226 seconds (0d 2h 46m 20s)

---------------  T H R E A D  ---------------

Current thread (0x00000222a1a2c800):  VMThread "VM Thread" [stack: 0x000000af85400000,0x000000af85500000] [id=14852]

Stack: [0x000000af85400000,0x000000af85500000],  sp=0x000000af854fe960,  free space=1018k
Native frames: (J=compiled Java code, j=interpreted, Vv=VM code, C=native code)
V  [jvm.dll+0x6982db]
V  [jvm.dll+0x31c623]
V  [jvm.dll+0x31e34b]
V  [jvm.dll+0x31ec0e]
V  [jvm.dll+0x31c47c]
V  [jvm.dll+0x31b6b2]
V  [jvm.dll+0x607375]
V  [jvm.dll+0x6070fd]
V  [jvm.dll+0x5ceed3]
V  [jvm.dll+0x4deb91]
V  [jvm.dll+0x756f6c]
V  [jvm.dll+0x7552f7]
V  [jvm.dll+0x755b20]
V  [jvm.dll+0x755e37]
V  [jvm.dll+0x70f064]
V  [jvm.dll+0x616f66]
C  [ucrtbase.dll+0x21bb2]
C  [KERNEL32.DLL+0x17034]
C  [ntdll.dll+0x52651]


siginfo: EXCEPTION_ACCESS_VIOLATION (0xc0000005), reading address 0x0000000000000006


Register to memory mapping:

RIP=0x00007ffcf2eb82db jvm.dll
RAX=0x000000af854fe9f0 points into unknown readable memory: 0x0000000000000000 | 00 00 00 00 00 00 00 00
RBX=0x000000af854fe9c0 points into unknown readable memory: 0x00007ffcf3079478 | 78 94 07 f3 fc 7f 00 00
RCX=0x0 is NULL
RDX=0x0 is NULL
RSP=0x000000af854fe960 points into unknown readable memory: 0x000000af854fe9c0 | c0 e9 4f 85 af 00 00 00
RBP=0x000000af854fef10 points into unknown readable memory: 0x000002228364df88 | 88 df 64 83 22 02 00 00
RSI=0x0 is NULL
RDI=0x0 is NULL
R8 =0x0 is NULL
R9 =0x00000222a446a1b8 is pointing into metadata
R10=0x00007ffcf2820000 jvm.dll
R11={method} {0x00000222a446ab70} 'loginTest' '()V' in 'com/herokuapp/theinternet/PositiveTest'
R12=0x000002228364dc80 points into unknown readable memory: 0x00000000f30b7500 | 00 75 0b f3 00 00 00 00
R13=0x0 is NULL
R14=0x00000222a446aa64 is pointing into metadata
R15=0x0000000000000102 is an unknown value


Registers:
RAX=0x000000af854fe9f0, RBX=0x000000af854fe9c0, RCX=0x0000000000000000, RDX=0x0000000000000000
RSP=0x000000af854fe960, RBP=0x000000af854fef10, RSI=0x0000000000000000, RDI=0x0000000000000000
R8 =0x0000000000000000, R9 =0x00000222a446a1b8, R10=0x00007ffcf2820000, R11=0x00000222a446ab68
R12=0x000002228364dc80, R13=0x0000000000000000, R14=0x00000222a446aa64, R15=0x0000000000000102
RIP=0x00007ffcf2eb82db, EFLAGS=0x0000000000010246

Top of Stack: (sp=0x000000af854fe960)
0x000000af854fe960:   000000af854fe9c0 00007ffd3e970d9e
0x000000af854fe970:   00007ffd3e960000 000000af854feec8
0x000000af854fe980:   0000000000000001 00007ffcf2b3c623
0x000000af854fe990:   0000000000000000 000000af854ff080
0x000000af854fe9a0:   0000000000000006 000000af854feb00
0x000000af854fe9b0:   0000022283572390 0000000000000100
0x000000af854fe9c0:   00007ffcf3079478 0000000000000000
0x000000af854fe9d0:   0000000000000000 000000000000000e
0x000000af854fe9e0:   000000af854fe9f0 0000000000000000
0x000000af854fe9f0:   0000000000000000 00007ffd3e970c4f
0x000000af854fea00:   4fffffff4fffffff 00007ffc4fffffff
0x000000af854fea10:   00007ffcf3032d84 000000af854feb00
0x000000af854fea20:   00000222835723c7 0000000000000100
0x000000af854fea30:   0000000000000037 0000000000000001
0x000000af854fea40:   0000000000000005 00007ffd3ea4f0b0
0x000000af854fea50:   0000022281429cc0 00007ffd3ea4f000 

Instructions: (pc=0x00007ffcf2eb82db)
0x00007ffcf2eb82bb:   cc cc cc cc cc 40 53 48 83 ec 20 c7 41 10 00 00
0x00007ffcf2eb82cb:   00 00 48 8b d9 48 89 7c 24 38 48 8b 79 08 33 c9
0x00007ffcf2eb82db:   80 7f 06 28 74 26 44 8d 49 28 8d 51 35 48 8d 0d
0x00007ffcf2eb82eb:   41 24 21 00 4c 8d 05 2a 24 21 00 e8 25 b3 ba ff 


Stack slot to memory mapping:
stack at sp + 0 slots: 0x000000af854fe9c0 points into unknown readable memory: 0x00007ffcf3079478 | 78 94 07 f3 fc 7f 00 00
stack at sp + 1 slots: 0x00007ffd3e970d9e ucrtbase.dll
stack at sp + 2 slots: 0x00007ffd3e960000 ucrtbase.dll
stack at sp + 3 slots: 0x000000af854feec8 points into unknown readable memory: 0x00000222a446ab68 | 68 ab 46 a4 22 02 00 00
stack at sp + 4 slots: 0x0000000000000001 is an unknown value
stack at sp + 5 slots: 0x00007ffcf2b3c623 jvm.dll
stack at sp + 6 slots: 0x0 is NULL
stack at sp + 7 slots: 0x000000af854ff080 points into unknown readable memory: 0x00007ffcf30b9dc8 | c8 9d 0b f3 fc 7f 00 00

VM_Operation (0x000000af85dff0e0): GetOrSetLocal, mode: safepoint, requested by thread 0x00000222a2564000


---------------  P R O C E S S  ---------------

Threads class SMR info:
_java_thread_list=0x00000222a38578a0, length=24, elements={
0x000002228357a000, 0x00000222a1a30000, 0x00000222a1a5c000, 0x00000222a1a6b800,
0x00000222a1a6c000, 0x00000222a1a72800, 0x00000222a1a7b000, 0x00000222a1a7f800,
0x00000222a1a81000, 0x00000222a2564000, 0x00000222a2567000, 0x00000222a2568800,
0x00000222a2581000, 0x00000222a2b40000, 0x00000222a3487800, 0x00000222a34de800,
0x00000222a376e800, 0x00000222a386d800, 0x00000222a37b9800, 0x00000222a35de800,
0x00000222a4299000, 0x00000222a38d9000, 0x00000222a38d8000, 0x00000222a38da800
}

Java Threads: ( => current thread )
  0x000002228357a000 JavaThread "main" [_thread_blocked, id=5868, stack(0x000000af84e00000,0x000000af84f00000)]
  0x00000222a1a30000 JavaThread "Reference Handler" daemon [_thread_blocked, id=8720, stack(0x000000af85500000,0x000000af85600000)]
  0x00000222a1a5c000 JavaThread "Finalizer" daemon [_thread_blocked, id=14488, stack(0x000000af85600000,0x000000af85700000)]
  0x00000222a1a6b800 JavaThread "Signal Dispatcher" daemon [_thread_blocked, id=16180, stack(0x000000af85700000,0x000000af85800000)]
  0x00000222a1a6c000 JavaThread "Attach Listener" daemon [_thread_blocked, id=3960, stack(0x000000af85800000,0x000000af85900000)]
  0x00000222a1a72800 JavaThread "Service Thread" daemon [_thread_blocked, id=10120, stack(0x000000af85900000,0x000000af85a00000)]
  0x00000222a1a7b000 JavaThread "C2 CompilerThread0" daemon [_thread_blocked, id=2752, stack(0x000000af85a00000,0x000000af85b00000)]
  0x00000222a1a7f800 JavaThread "C1 CompilerThread0" daemon [_thread_blocked, id=2856, stack(0x000000af85b00000,0x000000af85c00000)]
  0x00000222a1a81000 JavaThread "Sweeper thread" daemon [_thread_blocked, id=16284, stack(0x000000af85c00000,0x000000af85d00000)]
  0x00000222a2564000 JavaThread "JDWP Transport Listener: dt_socket" daemon [_thread_blocked, id=2096, stack(0x000000af85d00000,0x000000af85e00000)] _threads_hazard_ptr=0x00000222a38578a0
  0x00000222a2567000 JavaThread "JDWP Event Helper Thread" daemon [_thread_blocked, id=15536, stack(0x000000af85e00000,0x000000af85f00000)]
  0x00000222a2568800 JavaThread "JDWP Command Reader" daemon [_thread_in_native, id=10032, stack(0x000000af85f00000,0x000000af86000000)]
  0x00000222a2581000 JavaThread "Common-Cleaner" daemon [_thread_blocked, id=7396, stack(0x000000af86100000,0x000000af86200000)]
  0x00000222a2b40000 JavaThread "ReaderThread" [_thread_in_native, id=17096, stack(0x000000af86400000,0x000000af86500000)]
  0x00000222a3487800 JavaThread "ForkJoinPool.commonPool-worker-3" daemon [_thread_blocked, id=14764, stack(0x000000af86700000,0x000000af86800000)]
  0x00000222a34de800 JavaThread "AsyncHttpClient-1-1" daemon [_thread_blocked, id=11536, stack(0x000000af86800000,0x000000af86900000)]
  0x00000222a376e800 JavaThread "Exec Default Executor" daemon [_thread_in_native, id=7008, stack(0x000000af86a00000,0x000000af86b00000)]
  0x00000222a386d800 JavaThread "Driver Service Executor" daemon [_thread_blocked, id=16020, stack(0x000000af86b00000,0x000000af86c00000)]
  0x00000222a37b9800 JavaThread "Driver Service Executor" daemon [_thread_blocked, id=9004, stack(0x000000af86c00000,0x000000af86d00000)]
  0x00000222a35de800 JavaThread "Exec Stream Pumper" daemon [_thread_in_native, id=15980, stack(0x000000af86900000,0x000000af86a00000)]
  0x00000222a4299000 JavaThread "Exec Stream Pumper" daemon [_thread_in_native, id=9052, stack(0x000000af86e00000,0x000000af86f00000)]
  0x00000222a38d9000 JavaThread "AsyncHttpClient-1-2" daemon [_thread_in_native, id=15736, stack(0x000000af87000000,0x000000af87100000)]
  0x00000222a38d8000 JavaThread "AsyncHttpClient-1-3" daemon [_thread_in_native, id=2456, stack(0x000000af87100000,0x000000af87200000)]
  0x00000222a38da800 JavaThread "AsyncHttpClient-1-4" daemon [_thread_in_native, id=14244, stack(0x000000af87200000,0x000000af87300000)]

Other Threads:
=>0x00000222a1a2c800 VMThread "VM Thread" [stack: 0x000000af85400000,0x000000af85500000] [id=14852]
  0x00000222a2584800 WatcherThread [stack: 0x000000af86000000,0x000000af86100000] [id=7172]
  0x000002228358e800 GCTaskThread "GC Thread#0" [stack: 0x000000af84f00000,0x000000af85000000] [id=1976]
  0x00000222a3037000 GCTaskThread "GC Thread#1" [stack: 0x000000af86200000,0x000000af86300000] [id=11308]
  0x00000222a3033000 GCTaskThread "GC Thread#2" [stack: 0x000000af86500000,0x000000af86600000] [id=13080]
  0x00000222a2cb0800 GCTaskThread "GC Thread#3" [stack: 0x000000af86600000,0x000000af86700000] [id=15576]
  0x00000222835bf800 ConcurrentGCThread "G1 Main Marker" [stack: 0x000000af85000000,0x000000af85100000] [id=15544]
  0x00000222835c3000 ConcurrentGCThread "G1 Conc#0" [stack: 0x000000af85100000,0x000000af85200000] [id=8688]
  0x00000222a18a0800 ConcurrentGCThread "G1 Refine#0" [stack: 0x000000af85200000,0x000000af85300000] [id=14952]
  0x0000022283642800 ConcurrentGCThread "G1 Young RemSet Sampling" [stack: 0x000000af85300000,0x000000af85400000] [id=14236]

Threads with active compile tasks:

VM state:at safepoint (normal execution)

VM Mutex/Monitor currently owned by a thread:  ([mutex/lock_event])
[0x0000022283575a90] Threads_lock - owner thread: 0x00000222a1a2c800

Heap address: 0x0000000081c00000, size: 2020 MB, Compressed Oops mode: 32-bit
Narrow klass base: 0x0000000000000000, Narrow klass shift: 3
Compressed class space size: 1073741824 Address: 0x0000000100000000

Heap:
 garbage-first heap   total 131072K, used 72234K [0x0000000081c00000, 0x0000000100000000)
  region size 1024K, 51 young (52224K), 3 survivors (3072K)
 Metaspace       used 30318K, capacity 31170K, committed 31484K, reserved 1077248K
  class space    used 3486K, capacity 3838K, committed 3916K, reserved 1048576K
Heap Regions: E=young(eden), S=young(survivor), O=old, HS=humongous(starts), HC=humongous(continues), CS=collection set, F=free, A=archive, TAMS=top-at-mark-start (previous, next)
|   0|0x0000000081c00000, 0x0000000081d00000, 0x0000000081d00000|100%| O|  |TAMS 0x0000000081d00000, 0x0000000081c00000| Untracked 
|   1|0x0000000081d00000, 0x0000000081e00000, 0x0000000081e00000|100%| O|  |TAMS 0x0000000081e00000, 0x0000000081d00000| Untracked 
|   2|0x0000000081e00000, 0x0000000081f00000, 0x0000000081f00000|100%| O|  |TAMS 0x0000000081f00000, 0x0000000081e00000| Untracked 
|   3|0x0000000081f00000, 0x0000000082000000, 0x0000000082000000|100%| O|  |TAMS 0x0000000082000000, 0x0000000081f00000| Untracked 
|   4|0x0000000082000000, 0x0000000082100000, 0x0000000082100000|100%|HS|  |TAMS 0x0000000082000000, 0x0000000082000000| Complete 
|   5|0x0000000082100000, 0x0000000082200000, 0x0000000082200000|100%|HC|  |TAMS 0x0000000082100000, 0x0000000082100000| Complete 
|   6|0x0000000082200000, 0x0000000082300000, 0x0000000082300000|100%|HC|  |TAMS 0x0000000082200000, 0x0000000082200000| Complete 
|   7|0x0000000082300000, 0x0000000082400000, 0x0000000082400000|100%|HC|  |TAMS 0x0000000082300000, 0x0000000082300000| Complete 
|   8|0x0000000082400000, 0x0000000082500000, 0x0000000082500000|100%|HC|  |TAMS 0x0000000082400000, 0x0000000082400000| Complete 
|   9|0x0000000082500000, 0x0000000082600000, 0x0000000082600000|100%|HC|  |TAMS 0x0000000082500000, 0x0000000082500000| Complete 
|  10|0x0000000082600000, 0x0000000082700000, 0x0000000082700000|100%|HC|  |TAMS 0x0000000082600000, 0x0000000082600000| Complete 
|  11|0x0000000082700000, 0x0000000082800000, 0x0000000082800000|100%|HC|  |TAMS 0x0000000082700000, 0x0000000082700000| Complete 
|  12|0x0000000082800000, 0x0000000082900000, 0x0000000082900000|100%|HC|  |TAMS 0x0000000082800000, 0x0000000082800000| Complete 
|  13|0x0000000082900000, 0x0000000082a00000, 0x0000000082a00000|100%|HC|  |TAMS 0x0000000082900000, 0x0000000082900000| Complete 
|  14|0x0000000082a00000, 0x0000000082b00000, 0x0000000082b00000|100%|HC|  |TAMS 0x0000000082a00000, 0x0000000082a00000| Complete 
|  15|0x0000000082b00000, 0x0000000082c00000, 0x0000000082c00000|100%|HC|  |TAMS 0x0000000082b00000, 0x0000000082b00000| Complete 
|  16|0x0000000082c00000, 0x0000000082d00000, 0x0000000082d00000|100%|HC|  |TAMS 0x0000000082c00000, 0x0000000082c00000| Complete 
|  17|0x0000000082d00000, 0x0000000082e00000, 0x0000000082e00000|100%|HC|  |TAMS 0x0000000082d00000, 0x0000000082d00000| Complete 
|  18|0x0000000082e00000, 0x0000000082f00000, 0x0000000082f00000|100%|HC|  |TAMS 0x0000000082e00000, 0x0000000082e00000| Complete 
|  19|0x0000000082f00000, 0x0000000083000000, 0x0000000083000000|100%|HC|  |TAMS 0x0000000082f00000, 0x0000000082f00000| Complete 
|  20|0x0000000083000000, 0x0000000083100000, 0x0000000083100000|100%|HC|  |TAMS 0x0000000083000000, 0x0000000083000000| Complete 
|  21|0x0000000083100000, 0x0000000083100000, 0x0000000083200000|  0%| F|  |TAMS 0x0000000083100000, 0x0000000083100000| Untracked 
|  22|0x0000000083200000, 0x0000000083200000, 0x0000000083300000|  0%| F|  |TAMS 0x0000000083200000, 0x0000000083200000| Untracked 
|  23|0x0000000083300000, 0x0000000083300000, 0x0000000083400000|  0%| F|  |TAMS 0x0000000083300000, 0x0000000083300000| Untracked 
|  24|0x0000000083400000, 0x0000000083400000, 0x0000000083500000|  0%| F|  |TAMS 0x0000000083400000, 0x0000000083400000| Untracked 
|  25|0x0000000083500000, 0x0000000083500000, 0x0000000083600000|  0%| F|  |TAMS 0x0000000083500000, 0x0000000083500000| Untracked 
|  26|0x0000000083600000, 0x0000000083600000, 0x0000000083700000|  0%| F|  |TAMS 0x0000000083600000, 0x0000000083600000| Untracked 
|  27|0x0000000083700000, 0x0000000083700000, 0x0000000083800000|  0%| F|  |TAMS 0x0000000083700000, 0x0000000083700000| Untracked 
|  28|0x0000000083800000, 0x0000000083800000, 0x0000000083900000|  0%| F|  |TAMS 0x0000000083800000, 0x0000000083800000| Untracked 
|  29|0x0000000083900000, 0x0000000083900000, 0x0000000083a00000|  0%| F|  |TAMS 0x0000000083900000, 0x0000000083900000| Untracked 
|  30|0x0000000083a00000, 0x0000000083a00000, 0x0000000083b00000|  0%| F|  |TAMS 0x0000000083a00000, 0x0000000083a00000| Untracked 
|  31|0x0000000083b00000, 0x0000000083b00000, 0x0000000083c00000|  0%| F|  |TAMS 0x0000000083b00000, 0x0000000083b00000| Untracked 
|  32|0x0000000083c00000, 0x0000000083c00000, 0x0000000083d00000|  0%| F|  |TAMS 0x0000000083c00000, 0x0000000083c00000| Untracked 
|  33|0x0000000083d00000, 0x0000000083d00000, 0x0000000083e00000|  0%| F|  |TAMS 0x0000000083d00000, 0x0000000083d00000| Untracked 
|  34|0x0000000083e00000, 0x0000000083e00000, 0x0000000083f00000|  0%| F|  |TAMS 0x0000000083e00000, 0x0000000083e00000| Untracked 
|  35|0x0000000083f00000, 0x0000000083f00000, 0x0000000084000000|  0%| F|  |TAMS 0x0000000083f00000, 0x0000000083f00000| Untracked 
|  36|0x0000000084000000, 0x0000000084000000, 0x0000000084100000|  0%| F|  |TAMS 0x0000000084000000, 0x0000000084000000| Untracked 
|  37|0x0000000084100000, 0x0000000084100000, 0x0000000084200000|  0%| F|  |TAMS 0x0000000084100000, 0x0000000084100000| Untracked 
|  38|0x0000000084200000, 0x0000000084200000, 0x0000000084300000|  0%| F|  |TAMS 0x0000000084200000, 0x0000000084200000| Untracked 
|  39|0x0000000084300000, 0x0000000084300000, 0x0000000084400000|  0%| F|  |TAMS 0x0000000084300000, 0x0000000084300000| Untracked 
|  40|0x0000000084400000, 0x0000000084400000, 0x0000000084500000|  0%| F|  |TAMS 0x0000000084400000, 0x0000000084400000| Untracked 
|  41|0x0000000084500000, 0x0000000084500000, 0x0000000084600000|  0%| F|  |TAMS 0x0000000084500000, 0x0000000084500000| Untracked 
|  42|0x0000000084600000, 0x0000000084600000, 0x0000000084700000|  0%| F|  |TAMS 0x0000000084600000, 0x0000000084600000| Untracked 
|  43|0x0000000084700000, 0x0000000084700000, 0x0000000084800000|  0%| F|  |TAMS 0x0000000084700000, 0x0000000084700000| Untracked 
|  44|0x0000000084800000, 0x0000000084800000, 0x0000000084900000|  0%| F|  |TAMS 0x0000000084800000, 0x0000000084800000| Untracked 
|  45|0x0000000084900000, 0x0000000084900000, 0x0000000084a00000|  0%| F|  |TAMS 0x0000000084900000, 0x0000000084900000| Untracked 
|  46|0x0000000084a00000, 0x0000000084a00000, 0x0000000084b00000|  0%| F|  |TAMS 0x0000000084a00000, 0x0000000084a00000| Untracked 
|  47|0x0000000084b00000, 0x0000000084b00000, 0x0000000084c00000|  0%| F|  |TAMS 0x0000000084b00000, 0x0000000084b00000| Untracked 
|  48|0x0000000084c00000, 0x0000000084c00000, 0x0000000084d00000|  0%| F|  |TAMS 0x0000000084c00000, 0x0000000084c00000| Untracked 
|  49|0x0000000084d00000, 0x0000000084d00000, 0x0000000084e00000|  0%| F|  |TAMS 0x0000000084d00000, 0x0000000084d00000| Untracked 
|  50|0x0000000084e00000, 0x0000000084e00000, 0x0000000084f00000|  0%| F|  |TAMS 0x0000000084e00000, 0x0000000084e00000| Untracked 
|  51|0x0000000084f00000, 0x0000000084f00000, 0x0000000085000000|  0%| F|  |TAMS 0x0000000084f00000, 0x0000000084f00000| Untracked 
|  52|0x0000000085000000, 0x0000000085000000, 0x0000000085100000|  0%| F|  |TAMS 0x0000000085000000, 0x0000000085000000| Untracked 
|  53|0x0000000085100000, 0x0000000085100000, 0x0000000085200000|  0%| F|  |TAMS 0x0000000085100000, 0x0000000085100000| Untracked 
|  54|0x0000000085200000, 0x0000000085200000, 0x0000000085300000|  0%| F|  |TAMS 0x0000000085200000, 0x0000000085200000| Untracked 
|  55|0x0000000085300000, 0x0000000085300000, 0x0000000085400000|  0%| F|  |TAMS 0x0000000085300000, 0x0000000085300000| Untracked 
|  56|0x0000000085400000, 0x0000000085400000, 0x0000000085500000|  0%| F|  |TAMS 0x0000000085400000, 0x0000000085400000| Untracked 
|  57|0x0000000085500000, 0x0000000085500000, 0x0000000085600000|  0%| F|  |TAMS 0x0000000085500000, 0x0000000085500000| Untracked 
|  58|0x0000000085600000, 0x0000000085600000, 0x0000000085700000|  0%| F|  |TAMS 0x0000000085600000, 0x0000000085600000| Untracked 
|  59|0x0000000085700000, 0x0000000085700000, 0x0000000085800000|  0%| F|  |TAMS 0x0000000085700000, 0x0000000085700000| Untracked 
|  60|0x0000000085800000, 0x0000000085800000, 0x0000000085900000|  0%| F|  |TAMS 0x0000000085800000, 0x0000000085800000| Untracked 
|  61|0x0000000085900000, 0x0000000085900000, 0x0000000085a00000|  0%| F|  |TAMS 0x0000000085900000, 0x0000000085900000| Untracked 
|  62|0x0000000085a00000, 0x0000000085a00000, 0x0000000085b00000|  0%| F|  |TAMS 0x0000000085a00000, 0x0000000085a00000| Untracked 
|  63|0x0000000085b00000, 0x0000000085b00000, 0x0000000085c00000|  0%| F|  |TAMS 0x0000000085b00000, 0x0000000085b00000| Untracked 
|  64|0x0000000085c00000, 0x0000000085c00000, 0x0000000085d00000|  0%| F|  |TAMS 0x0000000085c00000, 0x0000000085c00000| Untracked 
|  65|0x0000000085d00000, 0x0000000085d00000, 0x0000000085e00000|  0%| F|  |TAMS 0x0000000085d00000, 0x0000000085d00000| Untracked 
|  66|0x0000000085e00000, 0x0000000085e00000, 0x0000000085f00000|  0%| F|  |TAMS 0x0000000085e00000, 0x0000000085e00000| Untracked 
|  67|0x0000000085f00000, 0x0000000085f00000, 0x0000000086000000|  0%| F|  |TAMS 0x0000000085f00000, 0x0000000085f00000| Untracked 
|  68|0x0000000086000000, 0x0000000086000000, 0x0000000086100000|  0%| F|  |TAMS 0x0000000086000000, 0x0000000086000000| Untracked 
|  69|0x0000000086100000, 0x0000000086100000, 0x0000000086200000|  0%| F|  |TAMS 0x0000000086100000, 0x0000000086100000| Untracked 
|  70|0x0000000086200000, 0x0000000086200000, 0x0000000086300000|  0%| F|  |TAMS 0x0000000086200000, 0x0000000086200000| Untracked 
|  71|0x0000000086300000, 0x0000000086300000, 0x0000000086400000|  0%| F|  |TAMS 0x0000000086300000, 0x0000000086300000| Untracked 
|  72|0x0000000086400000, 0x0000000086400000, 0x0000000086500000|  0%| F|  |TAMS 0x0000000086400000, 0x0000000086400000| Untracked 
|  73|0x0000000086500000, 0x0000000086500000, 0x0000000086600000|  0%| F|  |TAMS 0x0000000086500000, 0x0000000086500000| Untracked 
|  74|0x0000000086600000, 0x0000000086600000, 0x0000000086700000|  0%| F|  |TAMS 0x0000000086600000, 0x0000000086600000| Untracked 
|  75|0x0000000086700000, 0x0000000086700000, 0x0000000086800000|  0%| F|  |TAMS 0x0000000086700000, 0x0000000086700000| Untracked 
|  76|0x0000000086800000, 0x0000000086800000, 0x0000000086900000|  0%| F|  |TAMS 0x0000000086800000, 0x0000000086800000| Untracked 
|  77|0x0000000086900000, 0x0000000086a00000, 0x0000000086a00000|100%| E|  |TAMS 0x0000000086900000, 0x0000000086900000| Complete 
|  78|0x0000000086a00000, 0x0000000086b00000, 0x0000000086b00000|100%| E|CS|TAMS 0x0000000086a00000, 0x0000000086a00000| Complete 
|  79|0x0000000086b00000, 0x0000000086c00000, 0x0000000086c00000|100%| E|CS|TAMS 0x0000000086b00000, 0x0000000086b00000| Complete 
|  80|0x0000000086c00000, 0x0000000086d00000, 0x0000000086d00000|100%| E|CS|TAMS 0x0000000086c00000, 0x0000000086c00000| Complete 
|  81|0x0000000086d00000, 0x0000000086e00000, 0x0000000086e00000|100%| E|CS|TAMS 0x0000000086d00000, 0x0000000086d00000| Complete 
|  82|0x0000000086e00000, 0x0000000086f00000, 0x0000000086f00000|100%| E|CS|TAMS 0x0000000086e00000, 0x0000000086e00000| Complete 
|  83|0x0000000086f00000, 0x0000000087000000, 0x0000000087000000|100%| E|CS|TAMS 0x0000000086f00000, 0x0000000086f00000| Complete 
|  84|0x0000000087000000, 0x0000000087100000, 0x0000000087100000|100%| E|CS|TAMS 0x0000000087000000, 0x0000000087000000| Complete 
|  85|0x0000000087100000, 0x0000000087200000, 0x0000000087200000|100%| E|CS|TAMS 0x0000000087100000, 0x0000000087100000| Complete 
|  86|0x0000000087200000, 0x0000000087300000, 0x0000000087300000|100%| E|CS|TAMS 0x0000000087200000, 0x0000000087200000| Complete 
|  87|0x0000000087300000, 0x0000000087400000, 0x0000000087400000|100%| E|CS|TAMS 0x0000000087300000, 0x0000000087300000| Complete 
|  88|0x0000000087400000, 0x0000000087500000, 0x0000000087500000|100%| E|CS|TAMS 0x0000000087400000, 0x0000000087400000| Complete 
|  89|0x0000000087500000, 0x0000000087600000, 0x0000000087600000|100%| E|CS|TAMS 0x0000000087500000, 0x0000000087500000| Complete 
|  90|0x0000000087600000, 0x0000000087700000, 0x0000000087700000|100%| E|CS|TAMS 0x0000000087600000, 0x0000000087600000| Complete 
|  91|0x0000000087700000, 0x0000000087800000, 0x0000000087800000|100%| E|CS|TAMS 0x0000000087700000, 0x0000000087700000| Complete 
|  92|0x0000000087800000, 0x0000000087900000, 0x0000000087900000|100%| E|CS|TAMS 0x0000000087800000, 0x0000000087800000| Complete 
|  93|0x0000000087900000, 0x0000000087a00000, 0x0000000087a00000|100%| E|CS|TAMS 0x0000000087900000, 0x0000000087900000| Complete 
|  94|0x0000000087a00000, 0x0000000087b00000, 0x0000000087b00000|100%| E|CS|TAMS 0x0000000087a00000, 0x0000000087a00000| Complete 
|  95|0x0000000087b00000, 0x0000000087c00000, 0x0000000087c00000|100%| E|CS|TAMS 0x0000000087b00000, 0x0000000087b00000| Complete 
|  96|0x0000000087c00000, 0x0000000087d00000, 0x0000000087d00000|100%| E|CS|TAMS 0x0000000087c00000, 0x0000000087c00000| Complete 
|  97|0x0000000087d00000, 0x0000000087e00000, 0x0000000087e00000|100%| E|CS|TAMS 0x0000000087d00000, 0x0000000087d00000| Complete 
|  98|0x0000000087e00000, 0x0000000087f00000, 0x0000000087f00000|100%| E|CS|TAMS 0x0000000087e00000, 0x0000000087e00000| Complete 
|  99|0x0000000087f00000, 0x0000000088000000, 0x0000000088000000|100%| E|CS|TAMS 0x0000000087f00000, 0x0000000087f00000| Complete 
| 100|0x0000000088000000, 0x0000000088100000, 0x0000000088100000|100%| E|CS|TAMS 0x0000000088000000, 0x0000000088000000| Complete 
| 101|0x0000000088100000, 0x0000000088200000, 0x0000000088200000|100%| E|CS|TAMS 0x0000000088100000, 0x0000000088100000| Complete 
| 102|0x0000000088200000, 0x0000000088300000, 0x0000000088300000|100%| E|CS|TAMS 0x0000000088200000, 0x0000000088200000| Complete 
| 103|0x0000000088300000, 0x0000000088400000, 0x0000000088400000|100%| E|CS|TAMS 0x0000000088300000, 0x0000000088300000| Complete 
| 104|0x0000000088400000, 0x0000000088500000, 0x0000000088500000|100%| E|CS|TAMS 0x0000000088400000, 0x0000000088400000| Complete 
| 105|0x0000000088500000, 0x0000000088600000, 0x0000000088600000|100%| E|CS|TAMS 0x0000000088500000, 0x0000000088500000| Complete 
| 106|0x0000000088600000, 0x0000000088700000, 0x0000000088700000|100%| E|CS|TAMS 0x0000000088600000, 0x0000000088600000| Complete 
| 107|0x0000000088700000, 0x0000000088800000, 0x0000000088800000|100%| E|CS|TAMS 0x0000000088700000, 0x0000000088700000| Complete 
| 108|0x0000000088800000, 0x0000000088900000, 0x0000000088900000|100%| E|CS|TAMS 0x0000000088800000, 0x0000000088800000| Complete 
| 109|0x0000000088900000, 0x0000000088a00000, 0x0000000088a00000|100%| E|CS|TAMS 0x0000000088900000, 0x0000000088900000| Complete 
| 110|0x0000000088a00000, 0x0000000088b00000, 0x0000000088b00000|100%| E|CS|TAMS 0x0000000088a00000, 0x0000000088a00000| Complete 
| 111|0x0000000088b00000, 0x0000000088c00000, 0x0000000088c00000|100%| E|CS|TAMS 0x0000000088b00000, 0x0000000088b00000| Complete 
| 112|0x0000000088c00000, 0x0000000088d00000, 0x0000000088d00000|100%| E|CS|TAMS 0x0000000088c00000, 0x0000000088c00000| Complete 
| 113|0x0000000088d00000, 0x0000000088e00000, 0x0000000088e00000|100%| E|CS|TAMS 0x0000000088d00000, 0x0000000088d00000| Complete 
| 114|0x0000000088e00000, 0x0000000088f00000, 0x0000000088f00000|100%| E|CS|TAMS 0x0000000088e00000, 0x0000000088e00000| Complete 
| 115|0x0000000088f00000, 0x0000000089000000, 0x0000000089000000|100%| E|CS|TAMS 0x0000000088f00000, 0x0000000088f00000| Complete 
| 116|0x0000000089000000, 0x0000000089100000, 0x0000000089100000|100%| E|CS|TAMS 0x0000000089000000, 0x0000000089000000| Complete 
| 117|0x0000000089100000, 0x0000000089200000, 0x0000000089200000|100%| E|CS|TAMS 0x0000000089100000, 0x0000000089100000| Complete 
| 118|0x0000000089200000, 0x0000000089300000, 0x0000000089300000|100%| E|CS|TAMS 0x0000000089200000, 0x0000000089200000| Complete 
| 119|0x0000000089300000, 0x0000000089400000, 0x0000000089400000|100%| E|CS|TAMS 0x0000000089300000, 0x0000000089300000| Complete 
| 120|0x0000000089400000, 0x0000000089500000, 0x0000000089500000|100%| E|CS|TAMS 0x0000000089400000, 0x0000000089400000| Complete 
| 121|0x0000000089500000, 0x0000000089600000, 0x0000000089600000|100%| E|CS|TAMS 0x0000000089500000, 0x0000000089500000| Complete 
| 122|0x0000000089600000, 0x000000008968a8e8, 0x0000000089700000| 54%| S|CS|TAMS 0x0000000089600000, 0x0000000089600000| Complete 
| 123|0x0000000089700000, 0x0000000089800000, 0x0000000089800000|100%| S|CS|TAMS 0x0000000089700000, 0x0000000089700000| Complete 
| 124|0x0000000089800000, 0x0000000089900000, 0x0000000089900000|100%| S|CS|TAMS 0x0000000089800000, 0x0000000089800000| Complete 
| 125|0x0000000089900000, 0x0000000089a00000, 0x0000000089a00000|100%| E|CS|TAMS 0x0000000089900000, 0x0000000089900000| Complete 
| 126|0x0000000089a00000, 0x0000000089b00000, 0x0000000089b00000|100%| E|CS|TAMS 0x0000000089a00000, 0x0000000089a00000| Complete 
| 127|0x0000000089b00000, 0x0000000089c00000, 0x0000000089c00000|100%| E|CS|TAMS 0x0000000089b00000, 0x0000000089b00000| Complete 

Card table byte_map: [0x000002229ae30000,0x000002229b230000] _byte_map_base: 0x000002229aa22000

Marking Bits (Prev, Next): (CMBitMap*) 0x00000222835b6c50, (CMBitMap*) 0x00000222835b6c18
 Prev Bits: [0x000002229d5c0000, 0x000002229f550000)
 Next Bits: [0x000002229b630000, 0x000002229d5c0000)

Polling page: 0x0000022282d50000

Metaspace:

Usage:
  Non-class:     26.69 MB capacity,    26.20 MB ( 98%) used,   406.65 KB (  1%) free+waste,    94.25 KB ( <1%) overhead. 
      Class:      3.75 MB capacity,     3.41 MB ( 91%) used,   306.37 KB (  8%) free+waste,    44.69 KB (  1%) overhead. 
       Both:     30.44 MB capacity,    29.61 MB ( 97%) used,   713.02 KB (  2%) free+waste,   138.94 KB ( <1%) overhead. 

Virtual space:
  Non-class space:       28.00 MB reserved,      26.92 MB ( 96%) committed 
      Class space:        1.00 GB reserved,       3.82 MB ( <1%) committed 
             Both:        1.03 GB reserved,      30.75 MB (  3%) committed 

Chunk freelists:
   Non-Class:  5.50 KB
       Class:  256 bytes
        Both:  5.75 KB

CodeHeap 'non-profiled nmethods': size=120064Kb used=896Kb max_used=896Kb free=119167Kb
 bounds [0x00000222934f0000, 0x0000022293760000, 0x000002229aa30000]
CodeHeap 'profiled nmethods': size=120000Kb used=4221Kb max_used=4221Kb free=115778Kb
 bounds [0x000002228bfc0000, 0x000002228c3e0000, 0x00000222934f0000]
CodeHeap 'non-nmethods': size=5696Kb used=1269Kb max_used=1322Kb free=4426Kb
 bounds [0x000002228ba30000, 0x000002228bca0000, 0x000002228bfc0000]
 total_blobs=2619 nmethods=2079 adapters=459
 compilation: enabled
              stopped_count=0, restarted_count=0
 full_count=0

Compilation events (10 events):
Event: 9839.857 Thread 0x00000222a1a7f800 2076       3       io.netty.util.HashedWheelTimer$HashedWheelBucket::expireTimeouts (115 bytes)
Event: 9839.859 Thread 0x00000222a1a7f800 nmethod 2076 0x000002228c3da610 code [0x000002228c3da920, 0x000002228c3db9b8]
Event: 9839.863 Thread 0x00000222a1a7b000 2077       4       io.netty.util.HashedWheelTimer$HashedWheelBucket::expireTimeouts (115 bytes)
Event: 9839.879 Thread 0x00000222a1a7f800 2078 %     3       io.netty.util.HashedWheelTimer$Worker::run @ 42 (204 bytes)
Event: 9839.883 Thread 0x00000222a1a7f800 nmethod 2078% 0x000002228c3dbf90 code [0x000002228c3dc280, 0x000002228c3dd288]
Event: 9839.883 Thread 0x00000222a1a7f800 2079       3       io.netty.util.HashedWheelTimer$Worker::run (204 bytes)
Event: 9839.886 Thread 0x00000222a1a7f800 nmethod 2079 0x000002228c3dda90 code [0x000002228c3ddd80, 0x000002228c3decc8]
Event: 9839.891 Thread 0x00000222a1a7b000 nmethod 2077 0x00000222935cf290 code [0x00000222935cf440, 0x00000222935cfcc8]
Event: 9930.132 Thread 0x00000222a1a7f800 2080       1       io.netty.util.HashedWheelTimer$HashedWheelTimeout::timer (5 bytes)
Event: 9930.132 Thread 0x00000222a1a7f800 nmethod 2080 0x00000222935d0010 code [0x00000222935d01a0, 0x00000222935d0258]

GC Heap History (8 events):
Event: 2.127 GC heap before
{Heap before GC invocations=0 (full 0):
 garbage-first heap   total 131072K, used 13312K [0x0000000081c00000, 0x0000000100000000)
  region size 1024K, 14 young (14336K), 0 survivors (0K)
 Metaspace       used 12451K, capacity 12700K, committed 12800K, reserved 1060864K
  class space    used 1202K, capacity 1254K, committed 1280K, reserved 1048576K
}
Event: 2.132 GC heap after
{Heap after GC invocations=1 (full 0):
 garbage-first heap   total 131072K, used 4218K [0x0000000081c00000, 0x0000000100000000)
  region size 1024K, 2 young (2048K), 2 survivors (2048K)
 Metaspace       used 12451K, capacity 12700K, committed 12800K, reserved 1060864K
  class space    used 1202K, capacity 1254K, committed 1280K, reserved 1048576K
}
Event: 2.532 GC heap before
{Heap before GC invocations=1 (full 0):
 garbage-first heap   total 131072K, used 10362K [0x0000000081c00000, 0x0000000100000000)
  region size 1024K, 8 young (8192K), 2 survivors (2048K)
 Metaspace       used 14748K, capacity 15109K, committed 15232K, reserved 1062912K
  class space    used 1478K, capacity 1593K, committed 1664K, reserved 1048576K
}
Event: 2.538 GC heap after
{Heap after GC invocations=2 (full 0):
 garbage-first heap   total 131072K, used 4513K [0x0000000081c00000, 0x0000000100000000)
  region size 1024K, 1 young (1024K), 1 survivors (1024K)
 Metaspace       used 14748K, capacity 15109K, committed 15232K, reserved 1062912K
  class space    used 1478K, capacity 1593K, committed 1664K, reserved 1048576K
}
Event: 3.166 GC heap before
{Heap before GC invocations=2 (full 0):
 garbage-first heap   total 131072K, used 29089K [0x0000000081c00000, 0x0000000100000000)
  region size 1024K, 25 young (25600K), 1 survivors (1024K)
 Metaspace       used 20416K, capacity 20826K, committed 21120K, reserved 1069056K
  class space    used 2178K, capacity 2348K, committed 2432K, reserved 1048576K
}
Event: 3.171 GC heap after
{Heap after GC invocations=3 (full 0):
 garbage-first heap   total 131072K, used 6168K [0x0000000081c00000, 0x0000000100000000)
  region size 1024K, 3 young (3072K), 3 survivors (3072K)
 Metaspace       used 20416K, capacity 20826K, committed 21120K, reserved 1069056K
  class space    used 2178K, capacity 2348K, committed 2432K, reserved 1048576K
}
Event: 3.215 GC heap before
{Heap before GC invocations=3 (full 0):
 garbage-first heap   total 131072K, used 8216K [0x0000000081c00000, 0x0000000100000000)
  region size 1024K, 6 young (6144K), 3 survivors (3072K)
 Metaspace       used 20777K, capacity 21184K, committed 21296K, reserved 1069056K
  class space    used 2207K, capacity 2381K, committed 2432K, reserved 1048576K
}
Event: 3.219 GC heap after
{Heap after GC invocations=4 (full 0):
 garbage-first heap   total 131072K, used 6698K [0x0000000081c00000, 0x0000000100000000)
  region size 1024K, 3 young (3072K), 3 survivors (3072K)
 Metaspace       used 20777K, capacity 21184K, committed 21296K, reserved 1069056K
  class space    used 2207K, capacity 2381K, committed 2432K, reserved 1048576K
}

Deoptimization events (10 events):
Event: 2.988 Thread 0x000002228357a000 Uncommon trap: reason=bimorphic_or_optimized_type_check action=maybe_recompile pc=0x000002229352c778 method=java.util.HashMap.putVal(ILjava/lang/Object;Ljava/lang/Object;ZZ)Ljava/lang/Object; @ 203 c2
Event: 2.990 Thread 0x000002228357a000 Uncommon trap: reason=bimorphic_or_optimized_type_check action=maybe_recompile pc=0x000002229352c778 method=java.util.HashMap.putVal(ILjava/lang/Object;Ljava/lang/Object;ZZ)Ljava/lang/Object; @ 203 c2
Event: 3.576 Thread 0x000002228357a000 Uncommon trap: reason=unstable_if action=reinterpret pc=0x000002229354a968 method=java.lang.String.replace(CC)Ljava/lang/String; @ 2 c2
Event: 3.600 Thread 0x00000222a3f3a800 Uncommon trap: reason=unstable_if action=reinterpret pc=0x0000022293560b78 method=java.lang.CharacterDataLatin1.digit(II)I @ 12 c2
Event: 4.128 Thread 0x00000222a3f3a800 Uncommon trap: reason=unstable_if action=reinterpret pc=0x0000022293560f60 method=java.lang.CharacterDataLatin1.digit(II)I @ 12 c2
Event: 4.178 Thread 0x000002228357a000 Uncommon trap: reason=unstable_if action=reinterpret pc=0x00000222935437d8 method=jdk.internal.org.objectweb.asm.Type.getArgumentsAndReturnSizes(Ljava/lang/String;)I @ 41 c2
Event: 4.239 Thread 0x000002228357a000 Uncommon trap: reason=unstable_if action=reinterpret pc=0x0000022293578524 method=java.io.ByteArrayInputStream.read([BII)I @ 35 c2
Event: 4.306 Thread 0x000002228357a000 Uncommon trap: reason=unstable_if action=reinterpret pc=0x000002229358d048 method=java.util.regex.Pattern$BmpCharProperty.match(Ljava/util/regex/Matcher;ILjava/lang/CharSequence;)Z @ 39 c2
Event: 6.946 Thread 0x000002228357a000 Uncommon trap: reason=unstable_if action=reinterpret pc=0x000002229355ef98 method=java.util.concurrent.ConcurrentHashMap.putVal(Ljava/lang/Object;Ljava/lang/Object;Z)Ljava/lang/Object; @ 256 c2
Event: 9839.856 Thread 0x00000222a34de800 Uncommon trap: reason=unstable_if action=reinterpret pc=0x00000222935cab08 method=io.netty.util.HashedWheelTimer$HashedWheelBucket.expireTimeouts(J)V @ 21 c2

Classes redefined (2 events):
Event: 9881.084 Thread 0x00000222a1a2c800 redefined class name=com.herokuapp.theinternet.PositiveTest, count=1
Event: 9979.992 Thread 0x00000222a1a2c800 redefined class name=com.herokuapp.theinternet.PositiveTest, count=2

Internal exceptions (10 events):
Event: 4.112 Thread 0x00000222a3f3a800 Exception <a 'java/net/SocketTimeoutException'{0x00000000889d8c78}: connect timed out> (0x00000000889d8c78) thrown at [./open/src/hotspot/share/prims/jni.cpp, line 632]
Event: 4.177 Thread 0x000002228357a000 Exception <a 'java/lang/NoSuchMethodError'{0x00000000888b8d80}: java.lang.invoke.DirectMethodHandle$Holder.invokeVirtual(Ljava/lang/Object;Ljava/lang/Object;)D> (0x00000000888b8d80) thrown at [./open/src/hotspot/share/interpreter/linkResolver.cpp, line 77
Event: 4.179 Thread 0x000002228357a000 Exception <a 'java/lang/NoSuchMethodError'{0x00000000888beb38}: java.lang.invoke.DirectMethodHandle$Holder.invokeVirtual(Ljava/lang/Object;Ljava/lang/Object;)F> (0x00000000888beb38) thrown at [./open/src/hotspot/share/interpreter/linkResolver.cpp, line 77
Event: 4.181 Thread 0x000002228357a000 Exception <a 'java/lang/NoSuchMethodError'{0x00000000888c6fd0}: java.lang.invoke.DirectMethodHandle$Holder.invokeVirtual(Ljava/lang/Object;Ljava/lang/Object;)J> (0x00000000888c6fd0) thrown at [./open/src/hotspot/share/interpreter/linkResolver.cpp, line 77
Event: 4.222 Thread 0x000002228357a000 Exception <a 'java/lang/NoSuchMethodError'{0x0000000088632268}: java.lang.invoke.DirectMethodHandle$Holder.invokeSpecial(Ljava/lang/Object;Ljava/lang/Object;Ljava/lang/Object;Ljava/lang/Object;Ljava/lang/Object;)V> (0x0000000088632268) thrown at [./open/s
Event: 4.224 Thread 0x000002228357a000 Exception <a 'java/lang/NoSuchMethodError'{0x0000000088638ae0}: java.lang.invoke.DirectMethodHandle$Holder.invokeStatic(Ljava/lang/Object;Ljava/lang/Object;I)V> (0x0000000088638ae0) thrown at [./open/src/hotspot/share/interpreter/linkResolver.cpp, line 77
Event: 4.270 Thread 0x000002228357a000 Exception <a 'java/lang/NoSuchMethodError'{0x0000000088406f28}: java.lang.invoke.DirectMethodHandle$Holder.invokeSpecialIFC(Ljava/lang/Object;Ljava/lang/Object;Ljava/lang/Object;)I> (0x0000000088406f28) thrown at [./open/src/hotspot/share/interpreter/link
Event: 4.367 Thread 0x000002228357a000 Exception <a 'java/lang/NoSuchMethodError'{0x0000000087fc3b00}: java.lang.invoke.DirectMethodHandle$Holder.invokeSpecial(Ljava/lang/Object;Ljava/lang/Object;Ljava/lang/Object;Ljava/lang/Object;Ljava/lang/Object;Ljava/lang/Object;)V> (0x0000000087fc3b00) t
Event: 6.915 Thread 0x000002228357a000 Exception <a 'java/lang/NoSuchMethodError'{0x00000000872f9cc8}: java.lang.invoke.DirectMethodHandle$Holder.invokeSpecialIFC(Ljava/lang/Object;Ljava/lang/Object;Ljava/lang/Object;)Ljava/lang/Object;> (0x00000000872f9cc8) thrown at [./open/src/hotspot/share
Event: 6.976 Thread 0x000002228357a000 Exception <a 'java/lang/ClassNotFoundException'{0x000000008702d7c0}: sun/util/logging/resources/spi/loggingProvider> (0x000000008702d7c0) thrown at [./open/src/hotspot/share/classfile/systemDictionary.cpp, line 228]

Events (10 events):
Event: 9980.045 Executing VM operation: SetFramePop done
Event: 9980.045 Executing VM operation: GetFrameLocation
Event: 9980.045 Executing VM operation: GetFrameLocation done
Event: 9980.045 Executing VM operation: GetCurrentLocation
Event: 9980.045 Executing VM operation: GetCurrentLocation done
Event: 9980.045 Executing VM operation: ChangeSingleStep
Event: 9980.045 Executing VM operation: ChangeSingleStep done
Event: 9980.049 Executing VM operation: GetFrameLocation
Event: 9980.050 Executing VM operation: GetFrameLocation done
Event: 9980.050 Executing VM operation: GetOrSetLocal


Dynamic libraries:
0x00007ff6c8960000 - 0x00007ff6c896f000 	C:\Program Files\Java\jdk-11.0.12\bin\javaw.exe
0x00007ffd40b90000 - 0x00007ffd40d85000 	C:\WINDOWS\SYSTEM32\ntdll.dll
0x00007ffd22340000 - 0x00007ffd22356000 	C:\Program Files\AVG\Antivirus\aswhook.dll
0x00007ffd40300000 - 0x00007ffd403be000 	C:\WINDOWS\System32\KERNEL32.DLL
0x00007ffd3e4a0000 - 0x00007ffd3e768000 	C:\WINDOWS\System32\KERNELBASE.dll
0x00007ffd3e960000 - 0x00007ffd3ea60000 	C:\WINDOWS\System32\ucrtbase.dll
0x00007ffd26820000 - 0x00007ffd26838000 	C:\Program Files\Java\jdk-11.0.12\bin\jli.dll
0x00007ffd26170000 - 0x00007ffd26185000 	C:\Program Files\Java\jdk-11.0.12\bin\VCRUNTIME140.dll
0x00007ffd40440000 - 0x00007ffd404ec000 	C:\WINDOWS\System32\ADVAPI32.dll
0x00007ffd3ffb0000 - 0x00007ffd4004e000 	C:\WINDOWS\System32\msvcrt.dll
0x00007ffd3fc00000 - 0x00007ffd3fc9b000 	C:\WINDOWS\System32\sechost.dll
0x00007ffd3f970000 - 0x00007ffd3fa9a000 	C:\WINDOWS\System32\RPCRT4.dll
0x00007ffd3fda0000 - 0x00007ffd3ff41000 	C:\WINDOWS\System32\USER32.dll
0x00007ffd3e8b0000 - 0x00007ffd3e8d2000 	C:\WINDOWS\System32\win32u.dll
0x00007ffd32620000 - 0x00007ffd328ba000 	C:\WINDOWS\WinSxS\amd64_microsoft.windows.common-controls_6595b64144ccf1df_6.0.19041.1110_none_60b5254171f9507e\COMCTL32.dll
0x00007ffd3f5e0000 - 0x00007ffd3f60b000 	C:\WINDOWS\System32\GDI32.dll
0x00007ffd3ea60000 - 0x00007ffd3eb6d000 	C:\WINDOWS\System32\gdi32full.dll
0x00007ffd3e400000 - 0x00007ffd3e49d000 	C:\WINDOWS\System32\msvcp_win.dll
0x00007ffd38000000 - 0x00007ffd3800a000 	C:\WINDOWS\SYSTEM32\VERSION.dll
0x00007ffd404f0000 - 0x00007ffd40520000 	C:\WINDOWS\System32\IMM32.DLL
0x00007ffd18610000 - 0x00007ffd186ab000 	C:\Program Files\Java\jdk-11.0.12\bin\msvcp140.dll
0x00007ffcf2820000 - 0x00007ffcf331f000 	C:\Program Files\Java\jdk-11.0.12\bin\server\jvm.dll
0x00007ffd3fb80000 - 0x00007ffd3fb88000 	C:\WINDOWS\System32\PSAPI.DLL
0x00007ffd2df50000 - 0x00007ffd2df59000 	C:\WINDOWS\SYSTEM32\WSOCK32.dll
0x00007ffd328c0000 - 0x00007ffd328e7000 	C:\WINDOWS\SYSTEM32\WINMM.dll
0x00007ffd3fb90000 - 0x00007ffd3fbfb000 	C:\WINDOWS\System32\WS2_32.dll
0x00007ffd3c190000 - 0x00007ffd3c1a2000 	C:\WINDOWS\SYSTEM32\kernel.appcore.dll
0x00007ffd28550000 - 0x00007ffd28560000 	C:\Program Files\Java\jdk-11.0.12\bin\verify.dll
0x00007ffd36dc0000 - 0x00007ffd36fa4000 	C:\WINDOWS\SYSTEM32\DBGHELP.DLL
0x00007ffd36d90000 - 0x00007ffd36dbc000 	C:\WINDOWS\SYSTEM32\dbgcore.DLL
0x00007ffd3e770000 - 0x00007ffd3e7f2000 	C:\WINDOWS\System32\bcryptPrimitives.dll
0x00007ffd25b60000 - 0x00007ffd25b88000 	C:\Program Files\Java\jdk-11.0.12\bin\java.dll
0x00007ffd28380000 - 0x00007ffd2838a000 	C:\Program Files\Java\jdk-11.0.12\bin\jimage.dll
0x00007ffd25b20000 - 0x00007ffd25b58000 	C:\Program Files\Java\jdk-11.0.12\bin\jdwp.dll
0x00007ffd22650000 - 0x00007ffd22666000 	C:\Program Files\Java\jdk-11.0.12\bin\zip.dll
0x00007ffd3ee90000 - 0x00007ffd3f5d4000 	C:\WINDOWS\System32\SHELL32.dll
0x00007ffd3c390000 - 0x00007ffd3cb24000 	C:\WINDOWS\SYSTEM32\windows.storage.dll
0x00007ffd3f610000 - 0x00007ffd3f965000 	C:\WINDOWS\System32\combase.dll
0x00007ffd3dc20000 - 0x00007ffd3dc4e000 	C:\WINDOWS\SYSTEM32\Wldp.dll
0x00007ffd3ecb0000 - 0x00007ffd3ed5d000 	C:\WINDOWS\System32\SHCORE.dll
0x00007ffd3fca0000 - 0x00007ffd3fcf5000 	C:\WINDOWS\System32\shlwapi.dll
0x00007ffd3e1e0000 - 0x00007ffd3e1ff000 	C:\WINDOWS\SYSTEM32\profapi.dll
0x00007ffd280a0000 - 0x00007ffd280aa000 	C:\Program Files\Java\jdk-11.0.12\bin\dt_socket.dll
0x00007ffd3d980000 - 0x00007ffd3d9ea000 	C:\WINDOWS\System32\mswsock.dll
0x00007ffd3d6b0000 - 0x00007ffd3d77b000 	C:\WINDOWS\SYSTEM32\DNSAPI.dll
0x00007ffd3d670000 - 0x00007ffd3d6ab000 	C:\WINDOWS\SYSTEM32\IPHLPAPI.DLL
0x00007ffd402f0000 - 0x00007ffd402f8000 	C:\WINDOWS\System32\NSI.dll
0x00007ffd317a0000 - 0x00007ffd3181f000 	C:\WINDOWS\System32\fwpuclnt.dll
0x00007ffd3e8e0000 - 0x00007ffd3e907000 	C:\WINDOWS\System32\bcrypt.dll
0x00007ffd2f5e0000 - 0x00007ffd2f5ea000 	C:\Windows\System32\rasadhlp.dll
0x00007ffd22630000 - 0x00007ffd22649000 	C:\Program Files\Java\jdk-11.0.12\bin\net.dll
0x00007ffd31820000 - 0x00007ffd3192c000 	C:\WINDOWS\SYSTEM32\WINHTTP.dll
0x00007ffd22610000 - 0x00007ffd22622000 	C:\Program Files\Java\jdk-11.0.12\bin\nio.dll
0x00007ffd3db70000 - 0x00007ffd3db88000 	C:\WINDOWS\SYSTEM32\CRYPTSP.dll
0x00007ffd3d300000 - 0x00007ffd3d334000 	C:\WINDOWS\system32\rsaenh.dll
0x00007ffd3e160000 - 0x00007ffd3e18e000 	C:\WINDOWS\SYSTEM32\USERENV.dll
0x00007ffd3db90000 - 0x00007ffd3db9c000 	C:\WINDOWS\SYSTEM32\CRYPTBASE.dll
0x00007ffd35240000 - 0x00007ffd35257000 	C:\WINDOWS\SYSTEM32\dhcpcsvc6.DLL
0x00007ffd35220000 - 0x00007ffd3523d000 	C:\WINDOWS\SYSTEM32\dhcpcsvc.DLL
0x00007ffd26af0000 - 0x00007ffd26af9000 	C:\Program Files\Java\jdk-11.0.12\bin\management.dll
0x00007ffd269b0000 - 0x00007ffd269bb000 	C:\Program Files\Java\jdk-11.0.12\bin\management_ext.dll
0x00007ffd18da0000 - 0x00007ffd18dc5000 	C:\Program Files\Java\jdk-11.0.12\bin\sunec.dll
0x00007ffd25d30000 - 0x00007ffd25d47000 	C:\WINDOWS\system32\napinsp.dll
0x00007ffd25d10000 - 0x00007ffd25d2b000 	C:\WINDOWS\system32\pnrpnsp.dll
0x00007ffd25cf0000 - 0x00007ffd25d05000 	C:\WINDOWS\system32\wshbth.dll
0x00007ffd39bf0000 - 0x00007ffd39c0d000 	C:\WINDOWS\system32\NLAapi.dll
0x00007ffd25cd0000 - 0x00007ffd25ce2000 	C:\WINDOWS\System32\winrnr.dll

dbghelp: loaded successfully - version: 4.0.5 - missing functions: none
symbol engine: initialized successfully - sym options: 0x614 - pdb path: .;C:\Program Files\Java\jdk-11.0.12\bin;C:\WINDOWS\SYSTEM32;C:\Program Files\AVG\Antivirus;C:\WINDOWS\WinSxS\amd64_microsoft.windows.common-controls_6595b64144ccf1df_6.0.19041.1110_none_60b5254171f9507e;C:\Program Files\Java\jdk-11.0.12\bin\server

VM Arguments:
jvm_args: -agentlib:jdwp=transport=dt_socket,suspend=y,address=localhost:57596 -ea -Dfile.encoding=Cp1252 
java_command: org.testng.remote.RemoteTestNG -serport 57595 -protocol json -d C:\TestingProject\selenium-for-beginners\test-output C:\Users\Rajashekar\AppData\Local\Temp\testng-eclipse-1449086105\testng-customsuite.xml
java_class_path (initial): C:\Users\Rajashekar\eclipse\java-2021-122\eclipse\configuration\org.eclipse.osgi\429\0\.cp\lib\testng-remote.jar;C:\TestingProject\selenium-for-beginners\target\test-classes;C:\TestingProject\selenium-for-beginners\target\classes;C:\Users\Rajashekar\.m2\repository\org\testng\testng\7.4.0\testng-7.4.0.jar;C:\Users\Rajashekar\.m2\repository\com\beust\jcommander\1.78\jcommander-1.78.jar;C:\Users\Rajashekar\.m2\repository\org\webjars\jquery\3.5.1\jquery-3.5.1.jar;C:\Users\Rajashekar\.m2\repository\org\seleniumhq\selenium\selenium-java\4.1.1\selenium-java-4.1.1.jar;C:\Users\Rajashekar\.m2\repository\org\seleniumhq\selenium\selenium-api\4.1.1\selenium-api-4.1.1.jar;C:\Users\Rajashekar\.m2\repository\org\seleniumhq\selenium\selenium-chrome-driver\4.1.1\selenium-chrome-driver-4.1.1.jar;C:\Users\Rajashekar\.m2\repository\com\google\auto\service\auto-service-annotations\1.0.1\auto-service-annotations-1.0.1.jar;C:\Users\Rajashekar\.m2\repository\com\google\auto\service\auto-service\1.0.1\auto-service-1.0.1.jar;C:\Users\Rajashekar\.m2\repository\com\google\auto\auto-common\1.2\auto-common-1.2.jar;C:\Users\Rajashekar\.m2\repository\com\google\guava\guava\31.0.1-jre\guava-31.0.1-jre.jar;C:\Users\Rajashekar\.m2\repository\com\google\guava\failureaccess\1.0.1\failureaccess-1.0.1.jar;C:\Users\Rajashekar\.m2\repository\com\google\guava\listenablefuture\9999.0-empty-to-avoid-conflict-with-guava\listenablefuture-9999.0-empty-to-avoid-conflict-with-guava.jar;C:\Users\Rajashekar\.m2\repository\com\google\code\findbugs\jsr305\3.0.2\jsr305-3.0.2.jar;C:\Users\Rajashekar\.m2\repository\org\checkerframework\checker-qual\3.12.0\checker-qual-3.12.0.jar;C:\Users\Rajashekar\.m2\repository\com\google\errorprone\error_prone_annotations\2.7.1\error_prone_annotations-2.7.1.jar;C:\Users\Rajashekar\.m2\repository\com\google\j2objc\j2objc-annotations\1.3\j2objc-annotations-1.3.jar;C:\Users\Rajashekar\.m2\repository\org\seleniumhq\selenium\selenium-chromium-driver\4.1.1\selen
Launcher Type: SUN_STANDARD

[Global flags]
     intx CICompilerCount                          = 3                                         {product} {ergonomic}
     uint ConcGCThreads                            = 1                                         {product} {ergonomic}
     uint G1ConcRefinementThreads                  = 4                                         {product} {ergonomic}
   size_t G1HeapRegionSize                         = 1048576                                   {product} {ergonomic}
    uintx GCDrainStackTargetSize                   = 64                                        {product} {ergonomic}
   size_t InitialHeapSize                          = 134217728                                 {product} {ergonomic}
   size_t MarkStackSize                            = 4194304                                   {product} {ergonomic}
   size_t MaxHeapSize                              = 2118123520                                {product} {ergonomic}
   size_t MaxNewSize                               = 1270874112                                {product} {ergonomic}
   size_t MinHeapDeltaBytes                        = 1048576                                   {product} {ergonomic}
    uintx NonNMethodCodeHeapSize                   = 5830732                                {pd product} {ergonomic}
    uintx NonProfiledCodeHeapSize                  = 122913754                              {pd product} {ergonomic}
    uintx ProfiledCodeHeapSize                     = 122913754                              {pd product} {ergonomic}
    uintx ReservedCodeCacheSize                    = 251658240                              {pd product} {ergonomic}
     bool SegmentedCodeCache                       = true                                      {product} {ergonomic}
     bool UseCompressedClassPointers               = true                                 {lp64_product} {ergonomic}
     bool UseCompressedOops                        = true                                 {lp64_product} {ergonomic}
     bool UseG1GC                                  = true                                      {product} {ergonomic}
     bool UseLargePagesIndividualAllocation        = false                                  {pd product} {ergonomic}

Logging:
Log output configuration:
 #0: stdout all=warning uptime,level,tags
 #1: stderr all=off uptime,level,tags

Environment Variables:
JAVA_HOME=C:\Program Files\Java\jdk-11.0.12
PATH=C:/Users/Rajashekar/.p2/pool/plugins/org.eclipse.justj.openjdk.hotspot.jre.full.win32.x86_64_17.0.1.v20211116-1657/jre/bin/server;C:/Users/Rajashekar/.p2/pool/plugins/org.eclipse.justj.openjdk.hotspot.jre.full.win32.x86_64_17.0.1.v20211116-1657/jre/bin;C:\Program Files (x86)\Intel\iCLS Client\;C:\Program Files\Intel\iCLS Client\;C:\WINDOWS\system32;C:\WINDOWS;C:\WINDOWS\System32\Wbem;C:\WINDOWS\System32\WindowsPowerShell\v1.0\;C:\WINDOWS\System32\OpenSSH\;C:\Program Files\Intel\WiFi\bin\;C:\Program Files\Common Files\Intel\WirelessCommon\;C:\Program Files\Intel\Intel(R) Management Engine Components\DAL;C:\Program Files\Intel\Intel(R) Management Engine Components\IPT;C:\Program Files (x86)\Intel\Intel(R) Management Engine Components\DAL;C:\Program Files (x86)\Intel\Intel(R) Management Engine Components\IPT;C:\Program Files\PuTTY\;C:\Program Files\Java\jdk-11.0.12\bin;D:\Vms_ubuntu\MyprogramFiles\apache-maven-3.8.4\bin;C:\Users\Rajashekar\AppData\Local\Microsoft\WindowsApps;C:\Program Files\Intel\WiFi\bin\;C:\Program Files\Common Files\Intel\WirelessCommon\;;C:\Users\Rajashekar\Desktop;
USERNAME=Rajashekar
OS=Windows_NT
PROCESSOR_IDENTIFIER=Intel64 Family 6 Model 69 Stepping 1, GenuineIntel



---------------  S Y S T E M  ---------------

OS: Windows 10 , 64 bit Build 19041 (10.0.19041.1348)

CPU:total 4 (initial active 4) (2 cores per cpu, 2 threads per core) family 6 model 69 stepping 1 microcode 0x25, cmov, cx8, fxsr, mmx, sse, sse2, sse3, ssse3, sse4.1, sse4.2, popcnt, avx, avx2, aes, clmul, erms, lzcnt, ht, tsc, tscinvbit, bmi1, bmi2, fma

Memory: 4k page, system-wide physical 8072M (3367M free)
TotalPageFile size 10305M (AvailPageFile size 4095M)
current process WorkingSet (physical memory assigned to process): 125M, peak: 220M
current process commit charge ("private bytes"): 285M, peak: 312M

vm_info: Java HotSpot(TM) 64-Bit Server VM (11.0.12+8-LTS-237) for windows-amd64 JRE (11.0.12+8-LTS-237), built on Jun  8 2021 11:25:59 by "mach5one" with MS VC++ 15.9 (VS2017)

END.
